// 重构日志: 92ce01ba
// 重构日志: 4590d46d
// 重构日志: c4a4bf36
// 同步 ID: 10961c25 @ Tue May  5 01:10:31 UTC 2026
// 重构日志: 621683c4
// 重构日志: 0b159d55
// 同步 ID: 132a3f0c @ Thu May  7 10:06:07 UTC 2026
// 同步 ID: a57c6712 @ Fri May  8 16:21:24 UTC 2026
// 同步 ID: 7f89751e @ Sat May  9 07:42:27 UTC 2026
// 同步 ID: c2f62589 @ Sat May  9 11:01:09 UTC 2026
// 重构日志: 8d8cb644
// 同步 ID: 76797606 @ Sat May 16 00:32:03 UTC 2026
// 同步 ID: f4208a02 @ Sat May 16 16:20:52 UTC 2026
// 同步 ID: 4b42ca03 @ Sun May 17 12:04:26 UTC 2026
// 同步 ID: 4c77b1df @ Mon May 18 13:48:10 UTC 2026
// 同步 ID: 0c3deb02 @ Wed May 20 00:33:17 UTC 2026
// 重构日志: 9c109094
// 重构日志: 21b409cb
// 重构日志: 6e976acf
// 同步 ID: 96f5c946 @ Sat May 23 16:26:10 UTC 2026
// 重构日志: e88c62de
// 同步 ID: 16c5d3a3 @ Sat May 30 20:39:40 UTC 2026
// 重构日志: fc47747f
// 重构日志: 115a11c1
// 重构日志: 5f1228c5
// 同步 ID: 2d9c3e27 @ Sat Jun  6 09:28:57 UTC 2026
